{
  "stats": {
    "suites": 1,
    "tests": 5,
    "passes": 5,
    "pending": 0,
    "failures": 0,
    "start": "2022-09-05T13:10:07.056Z",
    "end": "2022-09-05T13:11:53.576Z",
    "duration": 106520,
    "testsRegistered": 5,
    "passPercent": 100,
    "pendingPercent": 0,
    "other": 0,
    "hasOther": false,
    "skipped": 0,
    "hasSkipped": false
  },
  "results": [
    {
      "uuid": "1dd366de-b2bd-4a28-87dc-6ffb773224a2",
      "title": "",
      "fullFile": "cypress/integration/automation/assignment practice.js",
      "file": "cypress/integration/automation/assignment practice.js",
      "beforeHooks": [],
      "afterHooks": [],
      "tests": [],
      "suites": [
        {
          "uuid": "c4bf2361-2de8-42c5-b1e1-6aa3324516b9",
          "title": "SDET assignment",
          "fullFile": "",
          "file": "",
          "beforeHooks": [],
          "afterHooks": [],
          "tests": [
            {
              "title": "Task 1",
              "fullTitle": "SDET assignment Task 1",
              "timedOut": null,
              "duration": 21620,
              "state": "passed",
              "speed": "slow",
              "pass": true,
              "fail": false,
              "pending": false,
              "context": null,
              "code": "cy.get('#search_query_top').click().type('sum');\ncy.get('.ac_results li.ac_even').contains('Dresses').should('be.visible');\ncy.wait(3000);",
              "err": {},
              "uuid": "d839ccdb-878d-46d5-b47b-0430a3ad7267",
              "parentUUID": "c4bf2361-2de8-42c5-b1e1-6aa3324516b9",
              "isHook": false,
              "skipped": false
            },
            {
              "title": "Task 2",
              "fullTitle": "SDET assignment Task 2",
              "timedOut": null,
              "duration": 14630,
              "state": "passed",
              "speed": "slow",
              "pass": true,
              "fail": false,
              "pending": false,
              "context": null,
              "code": "cy.get('#search_query_top').click().type('sum');\ncy.get('#searchbox > .btn').click();\ncy.wait(3000);\ncy.get('.product_list').contains('Summer').should('be.visible');\ncy.get('.first-in-line.first-item-of-tablet-line > .product-container > .right-block > h5 > .product-name').should('be.visible');\ncy.get(':nth-child(2) > .product-container > .right-block > h5 > .product-name').should('be.visible');",
              "err": {},
              "uuid": "3d3e331d-ab95-4b37-8738-9ac365c5f42b",
              "parentUUID": "c4bf2361-2de8-42c5-b1e1-6aa3324516b9",
              "isHook": false,
              "skipped": false
            },
            {
              "title": "Task 3",
              "fullTitle": "SDET assignment Task 3",
              "timedOut": null,
              "duration": 25009,
              "state": "passed",
              "speed": "slow",
              "pass": true,
              "fail": false,
              "pending": false,
              "context": null,
              "code": "cy.get('.sf-menu > :nth-child(3) > a').click();\ncy.wait(3000);\ncy.get('.product_img_link > .replace-2x').click();\ncy.wait(4000);\ncy.get('#group_1').select('L').should('have.value', '3'); // selecting based on text\n// cy.get('#group_1').select('3').should('have.value','3') // selecting based on value\ncy.get('.exclusive > span').click();",
              "err": {},
              "uuid": "af24b4e3-789b-4f27-a188-ed529c6c2ddd",
              "parentUUID": "c4bf2361-2de8-42c5-b1e1-6aa3324516b9",
              "isHook": false,
              "skipped": false
            },
            {
              "title": "Task 4",
              "fullTitle": "SDET assignment Task 4",
              "timedOut": null,
              "duration": 16727,
              "state": "passed",
              "speed": "slow",
              "pass": true,
              "fail": false,
              "pending": false,
              "context": null,
              "code": "let Email = 'chakri@reddiffmail.com';\nlet OrderReference = '334567';\ncy.get('#contact-link > a').click();\ncy.wait(3000);\ncy.get('#id_contact').select('Customer service').should('have.value', '2');\ncy.get('#email').type(Email);\ncy.wait(1000);\ncy.get('#id_order').type(OrderReference);\ncy.wait(1000);\ncy.get('#fileUpload').should('not.be.disabled');",
              "err": {},
              "uuid": "f676a56a-7dab-4682-8e01-94efb967cb54",
              "parentUUID": "c4bf2361-2de8-42c5-b1e1-6aa3324516b9",
              "isHook": false,
              "skipped": false
            },
            {
              "title": "Task 5",
              "fullTitle": "SDET assignment Task 5",
              "timedOut": null,
              "duration": 18549,
              "state": "passed",
              "speed": "slow",
              "pass": true,
              "fail": false,
              "pending": false,
              "context": null,
              "code": "cy.get('.sf-menu > :nth-child(2) > .sf-with-ul').click();\ncy.get('.first-in-line.first-item-of-tablet-line > .product-container > .left-block > .product-image-container > .product_img_link > .replace-2x').click(); //cy.get('#our_price_display').should('have.value','26.00')\nfor (let n = 0; n <= 3; n++) {\n  cy.get('.icon-plus').click();\n} // selecting Quantity\n//cy.get('.icon-plus').click().click().click().click()\n\ncy.get('.exclusive > span').click();\ncy.get('#quantity_wanted').should('have.value', '5');",
              "err": {},
              "uuid": "0ef3e9c2-2104-4561-9011-379e1cf3a7a0",
              "parentUUID": "c4bf2361-2de8-42c5-b1e1-6aa3324516b9",
              "isHook": false,
              "skipped": false
            }
          ],
          "suites": [],
          "passes": [
            "d839ccdb-878d-46d5-b47b-0430a3ad7267",
            "3d3e331d-ab95-4b37-8738-9ac365c5f42b",
            "af24b4e3-789b-4f27-a188-ed529c6c2ddd",
            "f676a56a-7dab-4682-8e01-94efb967cb54",
            "0ef3e9c2-2104-4561-9011-379e1cf3a7a0"
          ],
          "failures": [],
          "pending": [],
          "skipped": [],
          "duration": 96535,
          "root": false,
          "rootEmpty": false,
          "_timeout": 2000
        }
      ],
      "passes": [],
      "failures": [],
      "pending": [],
      "skipped": [],
      "duration": 0,
      "root": true,
      "rootEmpty": true,
      "_timeout": 2000
    }
  ],
  "meta": {
    "mocha": {
      "version": "7.0.1"
    },
    "mochawesome": {
      "options": {
        "quiet": false,
        "reportFilename": "mochawesome",
        "saveHtml": false,
        "saveJson": true,
        "consoleReporter": "spec",
        "useInlineDiffs": false,
        "code": true
      },
      "version": "7.1.3"
    },
    "marge": {
      "options": {
        "charts": true,
        "overwrite": false,
        "html": false,
        "json": true,
        "reportDir": "cypress\\reports\\mochawesome-report\\.jsons"
      },
      "version": "6.2.0"
    }
  }
}