{
  "stats": {
    "suites": 1,
    "tests": 5,
    "passes": 4,
    "pending": 0,
    "failures": 1,
    "start": "2022-10-11T05:24:03.148Z",
    "end": "2022-10-11T05:25:40.355Z",
    "duration": 97207,
    "testsRegistered": 5,
    "passPercent": 80,
    "pendingPercent": 0,
    "other": 0,
    "hasOther": false,
    "skipped": 0,
    "hasSkipped": false
  },
  "results": [
    {
      "uuid": "e2b5fa4e-ae9a-4d74-9ba0-f0c83a2cf891",
      "title": "",
      "fullFile": "cypress/integration/automation/assignment practice.js",
      "file": "cypress/integration/automation/assignment practice.js",
      "beforeHooks": [],
      "afterHooks": [],
      "tests": [],
      "suites": [
        {
          "uuid": "91680dcb-5cb6-42a6-90d5-1e2ab309b601",
          "title": "SDET assignment",
          "fullFile": "",
          "file": "",
          "beforeHooks": [],
          "afterHooks": [],
          "tests": [
            {
              "title": "Task 1",
              "fullTitle": "SDET assignment Task 1",
              "timedOut": null,
              "duration": 19317,
              "state": "passed",
              "speed": "slow",
              "pass": true,
              "fail": false,
              "pending": false,
              "context": null,
              "code": "cy.get('#search_query_top').click().type('sum');\ncy.get('.ac_results li.ac_even').contains('Dresses').should('be.visible');\ncy.wait(3000);",
              "err": {},
              "uuid": "9be7441e-10ab-4e49-a0b9-2e56e47f0ff3",
              "parentUUID": "91680dcb-5cb6-42a6-90d5-1e2ab309b601",
              "isHook": false,
              "skipped": false
            },
            {
              "title": "Task 2",
              "fullTitle": "SDET assignment Task 2",
              "timedOut": null,
              "duration": 16572,
              "state": "passed",
              "speed": "slow",
              "pass": true,
              "fail": false,
              "pending": false,
              "context": null,
              "code": "cy.get('#search_query_top').click().type('sum');\ncy.get('#searchbox > .btn').click();\ncy.wait(3000);\ncy.get('.product_list').contains('Summer').should('be.visible');\ncy.get('.first-in-line.first-item-of-tablet-line > .product-container > .right-block > h5 > .product-name').should('be.visible');\ncy.get(':nth-child(2) > .product-container > .right-block > h5 > .product-name').should('be.visible');",
              "err": {},
              "uuid": "2d04dbb2-a6e8-49ec-8233-90a57ad4fc0a",
              "parentUUID": "91680dcb-5cb6-42a6-90d5-1e2ab309b601",
              "isHook": false,
              "skipped": false
            },
            {
              "title": "Task 3",
              "fullTitle": "SDET assignment Task 3",
              "timedOut": null,
              "duration": 21405,
              "state": "passed",
              "speed": "slow",
              "pass": true,
              "fail": false,
              "pending": false,
              "context": null,
              "code": "cy.get('.sf-menu > :nth-child(3) > a').click();\ncy.wait(3000);\ncy.get('.product_img_link > .replace-2x').click();\ncy.wait(4000);\ncy.get('#group_1').select('L').should('have.value', '3'); // selecting based on text\n// cy.get('#group_1').select('3').should('have.value','3') // selecting based on value\ncy.get('.exclusive > span').click();",
              "err": {},
              "uuid": "b22a71e8-9d0c-49be-bbd6-a1098db49af5",
              "parentUUID": "91680dcb-5cb6-42a6-90d5-1e2ab309b601",
              "isHook": false,
              "skipped": false
            },
            {
              "title": "Task 4",
              "fullTitle": "SDET assignment Task 4",
              "timedOut": null,
              "duration": 21798,
              "state": "passed",
              "speed": "slow",
              "pass": true,
              "fail": false,
              "pending": false,
              "context": null,
              "code": "let Email = 'chakri@gmailmail.com';\nlet OrderReference = '8885143094';\ncy.get('#contact-link > a').click();\ncy.wait(2000);\ncy.get('#id_contact').select('Customer service').should('have.value', '2');\ncy.get('#email').type(Email);\ncy.wait(1000);\ncy.get('#id_order').type(OrderReference);\ncy.wait(1000);\ncy.get('.filename').should('not.be.disabled');\ncy.wait(5000);\ncy.get('.filename').click({\n  force: true\n});\ncy.wait(4000);",
              "err": {},
              "uuid": "26dcd045-47e0-49bd-8ffe-2afc05b05be2",
              "parentUUID": "91680dcb-5cb6-42a6-90d5-1e2ab309b601",
              "isHook": false,
              "skipped": false
            },
            {
              "title": "Task 5",
              "fullTitle": "SDET assignment Task 5",
              "timedOut": null,
              "duration": 10668,
              "state": "failed",
              "speed": null,
              "pass": false,
              "fail": true,
              "pending": false,
              "context": "{\n  \"title\": \"cypress-mochawesome-reporter-screenshots\",\n  \"value\": [\n    [\n      {\n        \"title\": \"Failed screenshot\",\n        \"value\": \"\\\\automation\\\\assignment practice.js\\\\SDET assignment -- Task 5 (failed).png\"\n      }\n    ]\n  ]\n}",
              "code": "cy.get('.sf-menu > :nth-child(2) > .sf-with-ul').click();\ncy.get('.last-in-line > .product-container > .left-block > .product-image-container > .product_img_link > .replace-2x').click();\ncy.get('#reduction_percent_display').should('have.text', '-5%');\nfor (let n = 0; n <= 3; n++) {\n  cy.get('.icon-plus').click();\n} // selecting Quantity\n//cy.get('.icon-plus').click().click().click().click()\n\ncy.get('.exclusive > span').click();\ncy.get('#quantity_wanted').should('have.value', '5');\ncy.wait(3000);\ncy.get(\"a[title='Proceed to checkout']\").click({\n  force: true\n});\ncy.wait(5000);\ncy.get('#product_price_5_19_0 > .price').should('have.text', '$28.98');\ncy.get('.old-price').should('have.text', '$30.51');\ncy.get('#total_price').should('have.text', '$146.90');",
              "err": {
                "message": "AssertionError: Timed out retrying after 5000ms: Expected to find element: `.last-in-line > .product-container > .left-block > .product-image-container > .product_img_link > .replace-2x`, but never found it.",
                "estack": "AssertionError: Timed out retrying after 5000ms: Expected to find element: `.last-in-line > .product-container > .left-block > .product-image-container > .product_img_link > .replace-2x`, but never found it.\n    at Context.eval (http://automationpractice.com/__cypress/tests?p=cypress\\integration\\automation\\assignment%2520practice.js:149:8)",
                "diff": null
              },
              "uuid": "7a134a50-8933-448b-afaf-e37342ca6295",
              "parentUUID": "91680dcb-5cb6-42a6-90d5-1e2ab309b601",
              "isHook": false,
              "skipped": false
            }
          ],
          "suites": [],
          "passes": [
            "9be7441e-10ab-4e49-a0b9-2e56e47f0ff3",
            "2d04dbb2-a6e8-49ec-8233-90a57ad4fc0a",
            "b22a71e8-9d0c-49be-bbd6-a1098db49af5",
            "26dcd045-47e0-49bd-8ffe-2afc05b05be2"
          ],
          "failures": [
            "7a134a50-8933-448b-afaf-e37342ca6295"
          ],
          "pending": [],
          "skipped": [],
          "duration": 89760,
          "root": false,
          "rootEmpty": false,
          "_timeout": 2000
        }
      ],
      "passes": [],
      "failures": [],
      "pending": [],
      "skipped": [],
      "duration": 0,
      "root": true,
      "rootEmpty": true,
      "_timeout": 2000
    }
  ],
  "meta": {
    "mocha": {
      "version": "7.0.1"
    },
    "mochawesome": {
      "options": {
        "quiet": false,
        "reportFilename": "mochawesome",
        "saveHtml": false,
        "saveJson": true,
        "consoleReporter": "spec",
        "useInlineDiffs": false,
        "code": true
      },
      "version": "7.1.3"
    },
    "marge": {
      "options": {
        "charts": true,
        "overwrite": false,
        "html": false,
        "json": true,
        "reportDir": "cypress\\reports\\html-reports\\.jsons",
        "embeddedScreenshorts": true
      },
      "version": "6.2.0"
    }
  }
}